This is e-upTeX, Version 3.141592653-p3.9.1-u1.27-210218-2.6 (utf8.uptex) (TeX Live 2022/dev/Debian) (preloaded format=uplatex 2022.6.12)  31 OCT 2024 02:29
entering extended mode
 restricted \write18 enabled.
 file:line:error style messages enabled.
 %&-line parsing enabled.
**/home/keima/tex/notes/presentable_category/presentable_category.tex
(/home/keima/tex/notes/presentable_category/presentable_category.tex
pLaTeX2e <2021-11-15u04> (based on LaTeX2e <2021-11-15> patch level 1)
L3 programming layer <2022-01-21> (/usr/share/texlive/texmf-dist/tex/latex/amscls/amsart.cls
Document Class: amsart 2020/05/29 v2.20.6
\linespacing=\dimen154
\normalparindent=\dimen155
\normaltopskip=\skip47
LaTeX Font Info:    Font shape `JT2/mc/m/n' will be
(Font)              scaled to size 9.6222pt on input line 351.
LaTeX Font Info:    Font shape `JY2/mc/m/n' will be
(Font)              scaled to size 9.6222pt on input line 351.
LaTeX Font Info:    Font shape `JT2/mc/m/n' will be
(Font)              scaled to size 10.53629pt on input line 352.
LaTeX Font Info:    Font shape `JY2/mc/m/n' will be
(Font)              scaled to size 10.53629pt on input line 352.
(/usr/share/texlive/texmf-dist/tex/latex/amsmath/amsmath.sty
Package: amsmath 2021/10/15 v2.17l AMS math features
\@mathmargin=\skip48
For additional information on amsmath, use the `?' option.
(/usr/share/texlive/texmf-dist/tex/latex/amsmath/amstext.sty
Package: amstext 2021/08/26 v2.01 AMS text
(/usr/share/texlive/texmf-dist/tex/latex/amsmath/amsgen.sty
File: amsgen.sty 1999/11/30 v2.0 generic functions
\@emptytoks=\toks17
\ex@=\dimen156
)) (/usr/share/texlive/texmf-dist/tex/latex/amsmath/amsbsy.sty
Package: amsbsy 1999/11/29 v1.2d Bold Symbols
\pmbraise@=\dimen157
) (/usr/share/texlive/texmf-dist/tex/latex/amsmath/amsopn.sty
Package: amsopn 2021/08/26 v2.02 operator names
)
\inf@bad=\count184
LaTeX Info: Redefining \frac on input line 234.
\uproot@=\count185
\leftroot@=\count186
LaTeX Info: Redefining \overline on input line 399.
\classnum@=\count187
\DOTSCASE@=\count188
LaTeX Info: Redefining \ldots on input line 496.
LaTeX Info: Redefining \dots on input line 499.
LaTeX Info: Redefining \cdots on input line 620.
\Mathstrutbox@=\box67
\strutbox@=\box68
\big@size=\dimen158
LaTeX Font Info:    Redeclaring font encoding OML on input line 743.
LaTeX Font Info:    Redeclaring font encoding OMS on input line 744.
\macc@depth=\count189
\c@MaxMatrixCols=\count190
\dotsspace@=\muskip16
\c@parentequation=\count191
\dspbrk@lvl=\count192
\tag@help=\toks18
\row@=\count193
\column@=\count194
\maxfields@=\count195
\andhelp@=\toks19
\eqnshift@=\dimen159
\alignsep@=\dimen160
\tagshift@=\dimen161
\tagwidth@=\dimen162
\totwidth@=\dimen163
\lineht@=\dimen164
\@envbody=\toks20
\multlinegap=\skip49
\multlinetaggap=\skip50
\mathdisplay@stack=\toks21
LaTeX Info: Redefining \[ on input line 2938.
LaTeX Info: Redefining \] on input line 2939.
) (I search kanjifont definition file: . . ) (I search font definition file: . . . . . . . )
LaTeX Font Info:    Trying to load font information for U+msa on input line 397.
(/usr/share/texlive/texmf-dist/tex/latex/amsfonts/umsa.fd
File: umsa.fd 2013/01/14 v3.01 AMS symbols A
) (/usr/share/texlive/texmf-dist/tex/latex/amsfonts/amsfonts.sty
Package: amsfonts 2013/01/14 v3.01 Basic AMSFonts support
\symAMSa=\mathgroup4
\symAMSb=\mathgroup5
LaTeX Font Info:    Redeclaring math symbol \hbar on input line 98.
LaTeX Font Info:    Overwriting math alphabet `\mathfrak' in version `bold'
(Font)                  U/euf/m/n --> U/euf/b/n on input line 106.
)
\copyins=\insert199
\abstractbox=\box69
\listisep=\skip51
\c@part=\count196
\c@section=\count197
\c@subsection=\count198
\c@subsubsection=\count266
\c@paragraph=\count267
\c@subparagraph=\count268
\c@figure=\count269
\c@table=\count270
\abovecaptionskip=\skip52
\belowcaptionskip=\skip53
\captionindent=\dimen165
\thm@style=\toks22
\thm@bodyfont=\toks23
\thm@headfont=\toks24
\thm@notefont=\toks25
\thm@headpunct=\toks26
\thm@preskip=\skip54
\thm@postskip=\skip55
\thm@headsep=\skip56
\dth@everypar=\toks27
) (/usr/share/texlive/texmf-dist/tex/latex/amsfonts/amssymb.sty
Package: amssymb 2013/01/14 v3.01 AMS font symbols
) (/usr/share/texlive/texmf-dist/tex/latex/jknapltx/mathrsfs.sty
Package: mathrsfs 1996/01/01 Math RSFS package v1.0 (jk)
\symrsfs=\mathgroup6
) (/usr/share/texlive/texmf-dist/tex/latex/stmaryrd/stmaryrd.sty
Package: stmaryrd 1994/03/03 St Mary's Road symbol package
\symstmry=\mathgroup7
LaTeX Font Info:    Overwriting symbol font `stmry' in version `bold'
(Font)                  U/stmry/m/n --> U/stmry/b/n on input line 89.
) (/usr/share/texlive/texmf-dist/tex/latex/tools/bm.sty
Package: bm 2021/04/25 v1.2e Bold Symbol Support (DPC/FMi)
\symboldoperators=\mathgroup8
\symboldletters=\mathgroup9
\symboldsymbols=\mathgroup10
Package bm Info: No bold for \OMX/cmex/m/n, using \pmb.
Package bm Info: No bold for \U/msa/m/n, using \pmb.
Package bm Info: No bold for \U/msb/m/n, using \pmb.
Package bm Info: No bold for \U/rsfs/m/n, using \pmb.
\symboldstmry=\mathgroup11
LaTeX Font Info:    Redeclaring math alphabet \mathbf on input line 149.
) (/usr/share/texlive/texmf-dist/tex/latex/jknapltx/mathbbol.sty
Package: mathbbol 1995/01/01
\symbbold=\mathgroup12
) (/usr/share/texlive/texmf-dist/tex/latex/url/url.sty
\Urlmuskip=\muskip17
Package: url 2013/09/16  ver 3.4  Verb mode for urls, etc.
) (/usr/share/texlive/texmf-dist/tex/latex/graphics/color.sty
Package: color 2021/12/07 v1.3c Standard LaTeX Color (DPC)
(/usr/share/texlive/texmf-dist/tex/latex/graphics-cfg/color.cfg
File: color.cfg 2016/01/02 v1.6 sample color configuration
)
Package color Info: Driver file: dvipdfmx.def on input line 149.
(/usr/share/texlive/texmf-dist/tex/latex/graphics-def/dvipdfmx.def
File: dvipdfmx.def 2021/03/18 v5.0j Graphics/color driver for dvipdfmx
) (/usr/share/texlive/texmf-dist/tex/latex/graphics/dvipsnam.def
File: dvipsnam.def 2016/06/17 v3.0m Driver-dependent file (DPC,SPQR)
)) (/usr/share/texlive/texmf-dist/tex/latex/amsfonts/eucal.sty
Package: eucal 2009/06/22 v3.00 Euler Script fonts
LaTeX Font Info:    Overwriting math alphabet `\EuScript' in version `bold'
(Font)                  U/eus/m/n --> U/eus/b/n on input line 33.
) (/usr/share/texlive/texmf-dist/tex/latex/carlisle/slashed.sty
Package: slashed 1997/01/16 v0.01 Feynman Slashed Character Notation (DPC)
) (/usr/share/texlive/texmf-dist/tex/latex/physics/physics.sty
Package: physics 
(/usr/share/texlive/texmf-dist/tex/latex/l3packages/xparse/xparse.sty (/usr/share/texlive/texmf-dist/tex/latex/l3kernel/expl3.sty
Package: expl3 2022-01-21 L3 programming layer (loader) 
(/usr/share/texlive/texmf-dist/tex/latex/l3backend/l3backend-dvipdfmx.def
File: l3backend-dvipdfmx.def 2022-01-12 L3 backend support: dvipdfmx
(|extractbb --version)
\c__kernel_sys_dvipdfmx_version_int=\count271
\l__color_backend_stack_int=\count272
\g__color_backend_stack_int=\count273
\g__graphics_track_int=\count274
\l__pdf_internal_box=\box70
\g__pdf_backend_object_int=\count275
\g__pdf_backend_annotation_int=\count276
\g__pdf_backend_link_int=\count277
))
Package: xparse 2022-01-12 L3 Experimental document command parser
)) (/usr/share/texlive/texmf-dist/tex/latex/graphics/graphicx.sty
Package: graphicx 2021/09/16 v1.2d Enhanced LaTeX Graphics (DPC,SPQR)
(/usr/share/texlive/texmf-dist/tex/latex/graphics/keyval.sty
Package: keyval 2014/10/28 v1.15 key=value parser (DPC)
\KV@toks@=\toks28
) (/usr/share/texlive/texmf-dist/tex/latex/graphics/graphics.sty
Package: graphics 2021/03/04 v1.4d Standard LaTeX Graphics (DPC,SPQR)
(/usr/share/texlive/texmf-dist/tex/latex/graphics/trig.sty
Package: trig 2021/08/11 v1.11 sin cos tan (DPC)
) (/usr/share/texlive/texmf-dist/tex/latex/graphics-cfg/graphics.cfg
File: graphics.cfg 2016/06/04 v1.11 sample graphics configuration
)
Package graphics Info: Driver file: dvipdfmx.def on input line 107.
)
\Gin@req@height=\dimen166
\Gin@req@width=\dimen167
) (/usr/share/texlive/texmf-dist/tex/latex/pgf/frontendlayer/tikz.sty (/usr/share/texlive/texmf-dist/tex/latex/pgf/basiclayer/pgf.sty (/usr/share/texlive/texmf-dist/tex/latex/pgf/utilities/pgfrcs.sty (/usr/share/texlive/texmf-dist/tex/generic/pgf/utilities/pgfutil-common.tex
\pgfutil@everybye=\toks29
\pgfutil@tempdima=\dimen168
\pgfutil@tempdimb=\dimen169
(/usr/share/texlive/texmf-dist/tex/generic/pgf/utilities/pgfutil-common-lists.tex)) (/usr/share/texlive/texmf-dist/tex/generic/pgf/utilities/pgfutil-latex.def
\pgfutil@abb=\box71
) (/usr/share/texlive/texmf-dist/tex/generic/pgf/utilities/pgfrcs.code.tex (/usr/share/texlive/texmf-dist/tex/generic/pgf/pgf.revision.tex)
Package: pgfrcs 2021/05/15 v3.1.9a (3.1.9a)
))
Package: pgf 2021/05/15 v3.1.9a (3.1.9a)
(/usr/share/texlive/texmf-dist/tex/latex/pgf/basiclayer/pgfcore.sty (/usr/share/texlive/texmf-dist/tex/latex/pgf/systemlayer/pgfsys.sty (/usr/share/texlive/texmf-dist/tex/generic/pgf/systemlayer/pgfsys.code.tex
Package: pgfsys 2021/05/15 v3.1.9a (3.1.9a)
(/usr/share/texlive/texmf-dist/tex/generic/pgf/utilities/pgfkeys.code.tex
\pgfkeys@pathtoks=\toks30
\pgfkeys@temptoks=\toks31
(/usr/share/texlive/texmf-dist/tex/generic/pgf/utilities/pgfkeysfiltered.code.tex
\pgfkeys@tmptoks=\toks32
))
\pgf@x=\dimen170
\pgf@y=\dimen171
\pgf@xa=\dimen172
\pgf@ya=\dimen173
\pgf@xb=\dimen174
\pgf@yb=\dimen175
\pgf@xc=\dimen176
\pgf@yc=\dimen177
\pgf@xd=\dimen178
\pgf@yd=\dimen179
\w@pgf@writea=\write3
\r@pgf@reada=\read2
\c@pgf@counta=\count278
\c@pgf@countb=\count279
\c@pgf@countc=\count280
\c@pgf@countd=\count281
\t@pgf@toka=\toks33
\t@pgf@tokb=\toks34
\t@pgf@tokc=\toks35
\pgf@sys@id@count=\count282
(/usr/share/texlive/texmf-dist/tex/generic/pgf/systemlayer/pgf.cfg
File: pgf.cfg 2021/05/15 v3.1.9a (3.1.9a)
)
Driver file for pgf: pgfsys-dvipdfmx.def
(/usr/share/texlive/texmf-dist/tex/generic/pgf/systemlayer/pgfsys-dvipdfmx.def
File: pgfsys-dvipdfmx.def 2021/05/15 v3.1.9a (3.1.9a)
(/usr/share/texlive/texmf-dist/tex/generic/pgf/systemlayer/pgfsys-common-pdf.def
File: pgfsys-common-pdf.def 2021/05/15 v3.1.9a (3.1.9a)
)
\pgfsys@objnum=\count283
)) (/usr/share/texlive/texmf-dist/tex/generic/pgf/systemlayer/pgfsyssoftpath.code.tex
File: pgfsyssoftpath.code.tex 2021/05/15 v3.1.9a (3.1.9a)
\pgfsyssoftpath@smallbuffer@items=\count284
\pgfsyssoftpath@bigbuffer@items=\count285
) (/usr/share/texlive/texmf-dist/tex/generic/pgf/systemlayer/pgfsysprotocol.code.tex
File: pgfsysprotocol.code.tex 2021/05/15 v3.1.9a (3.1.9a)
)) (/usr/share/texlive/texmf-dist/tex/latex/xcolor/xcolor.sty
Package: xcolor 2021/10/31 v2.13 LaTeX color extensions (UK)
(/usr/share/texlive/texmf-dist/tex/latex/graphics-cfg/color.cfg
File: color.cfg 2016/01/02 v1.6 sample color configuration
)
Package xcolor Info: Driver file: dvipdfmx.def on input line 227.
LaTeX Info: Redefining \color on input line 711.
Package xcolor Info: Model `cmy' substituted by `cmy0' on input line 1352.
Package xcolor Info: Model `RGB' extended on input line 1368.
Package xcolor Info: Model `HTML' substituted by `rgb' on input line 1370.
Package xcolor Info: Model `Hsb' substituted by `hsb' on input line 1371.
Package xcolor Info: Model `tHsb' substituted by `hsb' on input line 1372.
Package xcolor Info: Model `HSB' substituted by `hsb' on input line 1373.
Package xcolor Info: Model `Gray' substituted by `gray' on input line 1374.
Package xcolor Info: Model `wave' substituted by `hsb' on input line 1375.
) (/usr/share/texlive/texmf-dist/tex/generic/pgf/basiclayer/pgfcore.code.tex
Package: pgfcore 2021/05/15 v3.1.9a (3.1.9a)
(/usr/share/texlive/texmf-dist/tex/generic/pgf/math/pgfmath.code.tex (/usr/share/texlive/texmf-dist/tex/generic/pgf/math/pgfmathcalc.code.tex (/usr/share/texlive/texmf-dist/tex/generic/pgf/math/pgfmathutil.code.tex) (/usr/share/texlive/texmf-dist/tex/generic/pgf/math/pgfmathparser.code.tex
\pgfmath@dimen=\dimen180
\pgfmath@count=\count286
\pgfmath@box=\box72
\pgfmath@toks=\toks36
\pgfmath@stack@operand=\toks37
\pgfmath@stack@operation=\toks38
) (/usr/share/texlive/texmf-dist/tex/generic/pgf/math/pgfmathfunctions.code.tex (/usr/share/texlive/texmf-dist/tex/generic/pgf/math/pgfmathfunctions.basic.code.tex) (/usr/share/texlive/texmf-dist/tex/generic/pgf/math/pgfmathfunctions.trigonometric.code.tex) (/usr/share/texlive/texmf-dist/tex/generic/pgf/math/pgfmathfunctions.random.code.tex) (/usr/share/texlive/texmf-dist/tex/generic/pgf/math/pgfmathfunctions.comparison.code.tex) (/usr/share/texlive/texmf-dist/tex/generic/pgf/math/pgfmathfunctions.base.code.tex) (/usr/share/texlive/texmf-dist/tex/generic/pgf/math/pgfmathfunctions.round.code.tex) (/usr/share/texlive/texmf-dist/tex/generic/pgf/math/pgfmathfunctions.misc.code.tex) (/usr/share/texlive/texmf-dist/tex/generic/pgf/math/pgfmathfunctions.integerarithmetics.code.tex))) (/usr/share/texlive/texmf-dist/tex/generic/pgf/math/pgfmathfloat.code.tex
\c@pgfmathroundto@lastzeros=\count287
)) (/usr/share/texlive/texmf-dist/tex/generic/pgf/math/pgfint.code.tex) (/usr/share/texlive/texmf-dist/tex/generic/pgf/basiclayer/pgfcorepoints.code.tex
File: pgfcorepoints.code.tex 2021/05/15 v3.1.9a (3.1.9a)
\pgf@picminx=\dimen181
\pgf@picmaxx=\dimen182
\pgf@picminy=\dimen183
\pgf@picmaxy=\dimen184
\pgf@pathminx=\dimen185
\pgf@pathmaxx=\dimen186
\pgf@pathminy=\dimen187
\pgf@pathmaxy=\dimen188
\pgf@xx=\dimen189
\pgf@xy=\dimen190
\pgf@yx=\dimen191
\pgf@yy=\dimen192
\pgf@zx=\dimen193
\pgf@zy=\dimen194
) (/usr/share/texlive/texmf-dist/tex/generic/pgf/basiclayer/pgfcorepathconstruct.code.tex
File: pgfcorepathconstruct.code.tex 2021/05/15 v3.1.9a (3.1.9a)
\pgf@path@lastx=\dimen195
\pgf@path@lasty=\dimen196
) (/usr/share/texlive/texmf-dist/tex/generic/pgf/basiclayer/pgfcorepathusage.code.tex
File: pgfcorepathusage.code.tex 2021/05/15 v3.1.9a (3.1.9a)
\pgf@shorten@end@additional=\dimen197
\pgf@shorten@start@additional=\dimen198
) (/usr/share/texlive/texmf-dist/tex/generic/pgf/basiclayer/pgfcorescopes.code.tex
File: pgfcorescopes.code.tex 2021/05/15 v3.1.9a (3.1.9a)
\pgfpic=\box73
\pgf@hbox=\box74
\pgf@layerbox@main=\box75
\pgf@picture@serial@count=\count288
) (/usr/share/texlive/texmf-dist/tex/generic/pgf/basiclayer/pgfcoregraphicstate.code.tex
File: pgfcoregraphicstate.code.tex 2021/05/15 v3.1.9a (3.1.9a)
\pgflinewidth=\dimen256
) (/usr/share/texlive/texmf-dist/tex/generic/pgf/basiclayer/pgfcoretransformations.code.tex
File: pgfcoretransformations.code.tex 2021/05/15 v3.1.9a (3.1.9a)
\pgf@pt@x=\dimen257
\pgf@pt@y=\dimen258
\pgf@pt@temp=\dimen259
) (/usr/share/texlive/texmf-dist/tex/generic/pgf/basiclayer/pgfcorequick.code.tex
File: pgfcorequick.code.tex 2021/05/15 v3.1.9a (3.1.9a)
) (/usr/share/texlive/texmf-dist/tex/generic/pgf/basiclayer/pgfcoreobjects.code.tex
File: pgfcoreobjects.code.tex 2021/05/15 v3.1.9a (3.1.9a)
) (/usr/share/texlive/texmf-dist/tex/generic/pgf/basiclayer/pgfcorepathprocessing.code.tex
File: pgfcorepathprocessing.code.tex 2021/05/15 v3.1.9a (3.1.9a)
) (/usr/share/texlive/texmf-dist/tex/generic/pgf/basiclayer/pgfcorearrows.code.tex
File: pgfcorearrows.code.tex 2021/05/15 v3.1.9a (3.1.9a)
\pgfarrowsep=\dimen260
) (/usr/share/texlive/texmf-dist/tex/generic/pgf/basiclayer/pgfcoreshade.code.tex
File: pgfcoreshade.code.tex 2021/05/15 v3.1.9a (3.1.9a)
\pgf@max=\dimen261
\pgf@sys@shading@range@num=\count289
\pgf@shadingcount=\count290
) (/usr/share/texlive/texmf-dist/tex/generic/pgf/basiclayer/pgfcoreimage.code.tex
File: pgfcoreimage.code.tex 2021/05/15 v3.1.9a (3.1.9a)
(/usr/share/texlive/texmf-dist/tex/generic/pgf/basiclayer/pgfcoreexternal.code.tex
File: pgfcoreexternal.code.tex 2021/05/15 v3.1.9a (3.1.9a)
\pgfexternal@startupbox=\box76
)) (/usr/share/texlive/texmf-dist/tex/generic/pgf/basiclayer/pgfcorelayers.code.tex
File: pgfcorelayers.code.tex 2021/05/15 v3.1.9a (3.1.9a)
) (/usr/share/texlive/texmf-dist/tex/generic/pgf/basiclayer/pgfcoretransparency.code.tex
File: pgfcoretransparency.code.tex 2021/05/15 v3.1.9a (3.1.9a)
) (/usr/share/texlive/texmf-dist/tex/generic/pgf/basiclayer/pgfcorepatterns.code.tex
File: pgfcorepatterns.code.tex 2021/05/15 v3.1.9a (3.1.9a)
) (/usr/share/texlive/texmf-dist/tex/generic/pgf/basiclayer/pgfcorerdf.code.tex
File: pgfcorerdf.code.tex 2021/05/15 v3.1.9a (3.1.9a)
))) (/usr/share/texlive/texmf-dist/tex/generic/pgf/modules/pgfmoduleshapes.code.tex
File: pgfmoduleshapes.code.tex 2021/05/15 v3.1.9a (3.1.9a)
\pgfnodeparttextbox=\box77
) (/usr/share/texlive/texmf-dist/tex/generic/pgf/modules/pgfmoduleplot.code.tex
File: pgfmoduleplot.code.tex 2021/05/15 v3.1.9a (3.1.9a)
) (/usr/share/texlive/texmf-dist/tex/latex/pgf/compatibility/pgfcomp-version-0-65.sty
Package: pgfcomp-version-0-65 2021/05/15 v3.1.9a (3.1.9a)
\pgf@nodesepstart=\dimen262
\pgf@nodesepend=\dimen263
) (/usr/share/texlive/texmf-dist/tex/latex/pgf/compatibility/pgfcomp-version-1-18.sty
Package: pgfcomp-version-1-18 2021/05/15 v3.1.9a (3.1.9a)
)) (/usr/share/texlive/texmf-dist/tex/latex/pgf/utilities/pgffor.sty (/usr/share/texlive/texmf-dist/tex/latex/pgf/utilities/pgfkeys.sty (/usr/share/texlive/texmf-dist/tex/generic/pgf/utilities/pgfkeys.code.tex)) (/usr/share/texlive/texmf-dist/tex/latex/pgf/math/pgfmath.sty (/usr/share/texlive/texmf-dist/tex/generic/pgf/math/pgfmath.code.tex)) (/usr/share/texlive/texmf-dist/tex/generic/pgf/utilities/pgffor.code.tex
Package: pgffor 2021/05/15 v3.1.9a (3.1.9a)
(/usr/share/texlive/texmf-dist/tex/generic/pgf/math/pgfmath.code.tex)
\pgffor@iter=\dimen264
\pgffor@skip=\dimen265
\pgffor@stack=\toks39
\pgffor@toks=\toks40
)) (/usr/share/texlive/texmf-dist/tex/generic/pgf/frontendlayer/tikz/tikz.code.tex
Package: tikz 2021/05/15 v3.1.9a (3.1.9a)
(/usr/share/texlive/texmf-dist/tex/generic/pgf/libraries/pgflibraryplothandlers.code.tex
File: pgflibraryplothandlers.code.tex 2021/05/15 v3.1.9a (3.1.9a)
\pgf@plot@mark@count=\count291
\pgfplotmarksize=\dimen266
)
\tikz@lastx=\dimen267
\tikz@lasty=\dimen268
\tikz@lastxsaved=\dimen269
\tikz@lastysaved=\dimen270
\tikz@lastmovetox=\dimen271
\tikz@lastmovetoy=\dimen272
\tikzleveldistance=\dimen273
\tikzsiblingdistance=\dimen274
\tikz@figbox=\box78
\tikz@figbox@bg=\box79
\tikz@tempbox=\box80
\tikz@tempbox@bg=\box81
\tikztreelevel=\count292
\tikznumberofchildren=\count293
\tikznumberofcurrentchild=\count294
\tikz@fig@count=\count295
(/usr/share/texlive/texmf-dist/tex/generic/pgf/modules/pgfmodulematrix.code.tex
File: pgfmodulematrix.code.tex 2021/05/15 v3.1.9a (3.1.9a)
\pgfmatrixcurrentrow=\count296
\pgfmatrixcurrentcolumn=\count297
\pgf@matrix@numberofcolumns=\count298
)
\tikz@expandcount=\count299
(/usr/share/texlive/texmf-dist/tex/generic/pgf/frontendlayer/tikz/libraries/tikzlibrarytopaths.code.tex
File: tikzlibrarytopaths.code.tex 2021/05/15 v3.1.9a (3.1.9a)
))) (/usr/share/texlive/texmf-dist/tex/latex/tikz-cd/tikz-cd.sty
Package: tikz-cd 2021/05/04 v1.0 Commutative diagrams with TikZ
(/usr/share/texlive/texmf-dist/tex/generic/tikz-cd/tikzlibrarycd.code.tex (/usr/share/texlive/texmf-dist/tex/generic/pgf/frontendlayer/tikz/libraries/tikzlibrarymatrix.code.tex
File: tikzlibrarymatrix.code.tex 2021/05/15 v3.1.9a (3.1.9a)
) (/usr/share/texlive/texmf-dist/tex/generic/pgf/frontendlayer/tikz/libraries/tikzlibraryquotes.code.tex
File: tikzlibraryquotes.code.tex 2021/05/15 v3.1.9a (3.1.9a)
) (/usr/share/texlive/texmf-dist/tex/generic/pgf/libraries/pgflibraryarrows.meta.code.tex
File: pgflibraryarrows.meta.code.tex 2021/05/15 v3.1.9a (3.1.9a)
\pgfarrowinset=\dimen275
\pgfarrowlength=\dimen276
\pgfarrowwidth=\dimen277
\pgfarrowlinewidth=\dimen278
))) (/usr/share/texlive/texmf-dist/tex/generic/pgf/frontendlayer/tikz/libraries/tikzlibraryintersections.code.tex (/usr/share/texlive/texmf-dist/tex/generic/pgf/libraries/pgflibraryintersections.code.tex (/usr/share/texlive/texmf-dist/tex/generic/pgf/libraries/pgflibraryfpu.code.tex)
\pgf@intersect@solutions=\count300
)) (/usr/share/texlive/texmf-dist/tex/generic/pgf/frontendlayer/tikz/libraries/tikzlibrarycalc.code.tex
File: tikzlibrarycalc.code.tex 2021/05/15 v3.1.9a (3.1.9a)
) (/usr/share/texlive/texmf-dist/tex/generic/pgf/frontendlayer/tikz/libraries/tikzlibraryarrows.code.tex
File: tikzlibraryarrows.code.tex 2021/05/15 v3.1.9a (3.1.9a)
(/usr/share/texlive/texmf-dist/tex/generic/pgf/libraries/pgflibraryarrows.code.tex
File: pgflibraryarrows.code.tex 2021/05/15 v3.1.9a (3.1.9a)
\arrowsize=\dimen279
)) (/usr/share/texlive/texmf-dist/tex/generic/pgf/frontendlayer/tikz/libraries/tikzlibraryshadows.code.tex
File: tikzlibraryshadows.code.tex 2021/05/15 v3.1.9a (3.1.9a)
(/usr/share/texlive/texmf-dist/tex/generic/pgf/frontendlayer/tikz/libraries/tikzlibraryfadings.code.tex
File: tikzlibraryfadings.code.tex 2021/05/15 v3.1.9a (3.1.9a)
(/usr/share/texlive/texmf-dist/tex/generic/pgf/libraries/pgflibraryfadings.code.tex
File: pgflibraryfadings.code.tex 2021/05/15 v3.1.9a (3.1.9a)
))) (/usr/share/texlive/texmf-dist/tex/latex/base/inputenc.sty
Package: inputenc 2021/02/14 v1.3d Input encoding file
\inpenc@prehook=\toks41
\inpenc@posthook=\toks42
) (/usr/share/texlive/texmf-dist/tex/latex/base/fontenc.sty
Package: fontenc 2021/04/29 v2.0v Standard LaTeX package
) (/usr/share/texlive/texmf-dist/tex/latex/biblatex/biblatex.sty
Package: biblatex 2022/02/02 v3.17 programmable bibliographies (PK/MW)
(/usr/share/texlive/texmf-dist/tex/generic/pdftexcmds/pdftexcmds.sty
Package: pdftexcmds 2020-06-27 v0.33 Utility functions of pdfTeX for LuaTeX (HO)
(/usr/share/texlive/texmf-dist/tex/generic/infwarerr/infwarerr.sty
Package: infwarerr 2019/12/03 v1.5 Providing info/warning/error messages (HO)
) (/usr/share/texlive/texmf-dist/tex/generic/iftex/iftex.sty
Package: iftex 2020/03/06 v1.0d TeX engine tests
) (/usr/share/texlive/texmf-dist/tex/generic/ltxcmds/ltxcmds.sty
Package: ltxcmds 2020-05-10 v1.25 LaTeX kernel commands for general use (HO)
)
Package pdftexcmds Info: \pdf@primitive is available.
Package pdftexcmds Info: \pdf@ifprimitive is available.
Package pdftexcmds Info: \pdfdraftmode not found.
) (/usr/share/texlive/texmf-dist/tex/latex/etoolbox/etoolbox.sty
Package: etoolbox 2020/10/05 v2.5k e-TeX tools for LaTeX (JAW)
\etb@tempcnta=\count301
) (/usr/share/texlive/texmf-dist/tex/latex/kvoptions/kvoptions.sty
Package: kvoptions 2020-10-07 v3.14 Key value format for package options (HO)
(/usr/share/texlive/texmf-dist/tex/generic/kvsetkeys/kvsetkeys.sty
Package: kvsetkeys 2019/12/15 v1.18 Key value parser (HO)
)) (/usr/share/texlive/texmf-dist/tex/latex/logreq/logreq.sty
Package: logreq 2010/08/04 v1.0 xml request logger
\lrq@indent=\count302
(/usr/share/texlive/texmf-dist/tex/latex/logreq/logreq.def
File: logreq.def 2010/08/04 v1.0 logreq spec v1.0
)) (/usr/share/texlive/texmf-dist/tex/latex/base/ifthen.sty
Package: ifthen 2020/11/24 v1.1c Standard LaTeX ifthen package (DPC)
)
\c@tabx@nest=\count303
\c@listtotal=\count304
\c@listcount=\count305
\c@liststart=\count306
\c@liststop=\count307
\c@citecount=\count308
\c@citetotal=\count309
\c@multicitecount=\count310
\c@multicitetotal=\count311
\c@instcount=\count312
\c@maxnames=\count313
\c@minnames=\count314
\c@maxitems=\count315
\c@minitems=\count316
\c@citecounter=\count317
\c@maxcitecounter=\count318
\c@savedcitecounter=\count319
\c@uniquelist=\count320
\c@uniquename=\count321
\c@refsection=\count322
\c@refsegment=\count323
\c@maxextratitle=\count324
\c@maxextratitleyear=\count325
\c@maxextraname=\count326
\c@maxextradate=\count327
\c@maxextraalpha=\count328
\c@abbrvpenalty=\count329
\c@highnamepenalty=\count330
\c@lownamepenalty=\count331
\c@maxparens=\count332
\c@parenlevel=\count333
\blx@tempcnta=\count334
\blx@tempcntb=\count335
\blx@tempcntc=\count336
\c@blx@maxsection=\count337
\c@blx@maxsegment@0=\count338
\blx@notetype=\count339
\blx@parenlevel@text=\count340
\blx@parenlevel@foot=\count341
\c@blx@sectionciteorder@0=\count342
\blx@entrysetcounter=\count343
\blx@biblioinstance=\count344
\labelnumberwidth=\skip57
\labelalphawidth=\skip58
\biblabelsep=\skip59
\bibitemsep=\skip60
\bibnamesep=\skip61
\bibinitsep=\skip62
\bibparsep=\skip63
\bibhang=\skip64
\blx@bcfin=\read3
\blx@bcfout=\write4
\blx@langwohyphens=\language87
\c@mincomprange=\count345
\c@maxcomprange=\count346
\c@mincompwidth=\count347
Package biblatex Info: Trying to load biblatex default data model...
Package biblatex Info: ... file 'blx-dm.def' found.
(/usr/share/texlive/texmf-dist/tex/latex/biblatex/blx-dm.def
File: blx-dm.def 2022/02/02 v3.17 biblatex localization (PK/MW)
)
Package biblatex Info: Trying to load biblatex style data model...
Package biblatex Info: ... file 'alphabetic.dbx' not found.
Package biblatex Info: Trying to load biblatex custom data model...
Package biblatex Info: ... file 'biblatex-dm.cfg' not found.
\c@afterword=\count348
\c@savedafterword=\count349
\c@annotator=\count350
\c@savedannotator=\count351
\c@author=\count352
\c@savedauthor=\count353
\c@bookauthor=\count354
\c@savedbookauthor=\count355
\c@commentator=\count356
\c@savedcommentator=\count357
\c@editor=\count358
\c@savededitor=\count359
\c@editora=\count360
\c@savededitora=\count361
\c@editorb=\count362
\c@savededitorb=\count363
\c@editorc=\count364
\c@savededitorc=\count365
\c@foreword=\count366
\c@savedforeword=\count367
\c@holder=\count368
\c@savedholder=\count369
\c@introduction=\count370
\c@savedintroduction=\count371
\c@namea=\count372
\c@savednamea=\count373
\c@nameb=\count374
\c@savednameb=\count375
\c@namec=\count376
\c@savednamec=\count377
\c@translator=\count378
\c@savedtranslator=\count379
\c@shortauthor=\count380
\c@savedshortauthor=\count381
\c@shorteditor=\count382
\c@savedshorteditor=\count383
\c@labelname=\count384
\c@savedlabelname=\count385
\c@institution=\count386
\c@savedinstitution=\count387
\c@lista=\count388
\c@savedlista=\count389
\c@listb=\count390
\c@savedlistb=\count391
\c@listc=\count392
\c@savedlistc=\count393
\c@listd=\count394
\c@savedlistd=\count395
\c@liste=\count396
\c@savedliste=\count397
\c@listf=\count398
\c@savedlistf=\count399
\c@location=\count400
\c@savedlocation=\count401
\c@organization=\count402
\c@savedorganization=\count403
\c@origlocation=\count404
\c@savedoriglocation=\count405
\c@origpublisher=\count406
\c@savedorigpublisher=\count407
\c@publisher=\count408
\c@savedpublisher=\count409
\c@language=\count410
\c@savedlanguage=\count411
\c@origlanguage=\count412
\c@savedoriglanguage=\count413
\c@pageref=\count414
\c@savedpageref=\count415
\shorthandwidth=\skip65
\shortjournalwidth=\skip66
\shortserieswidth=\skip67
\shorttitlewidth=\skip68
\shortauthorwidth=\skip69
\shorteditorwidth=\skip70
\locallabelnumberwidth=\skip71
\locallabelalphawidth=\skip72
\localshorthandwidth=\skip73
\localshortjournalwidth=\skip74
\localshortserieswidth=\skip75
\localshorttitlewidth=\skip76
\localshortauthorwidth=\skip77
\localshorteditorwidth=\skip78
Package biblatex Info: Trying to load compatibility code...
Package biblatex Info: ... file 'blx-compat.def' found.
(/usr/share/texlive/texmf-dist/tex/latex/biblatex/blx-compat.def
File: blx-compat.def 2022/02/02 v3.17 biblatex compatibility (PK/MW)
)
Package biblatex Info: Trying to load generic definitions...
Package biblatex Info: ... file 'biblatex.def' found.
(/usr/share/texlive/texmf-dist/tex/latex/biblatex/biblatex.def
File: biblatex.def 2022/02/02 v3.17 biblatex compatibility (PK/MW)
\c@textcitecount=\count416
\c@textcitetotal=\count417
\c@textcitemaxnames=\count418
\c@biburlbigbreakpenalty=\count419
\c@biburlbreakpenalty=\count420
\c@biburlnumpenalty=\count421
\c@biburlucpenalty=\count422
\c@biburllcpenalty=\count423
\biburlbigskip=\muskip18
\biburlnumskip=\muskip19
\biburlucskip=\muskip20
\biburllcskip=\muskip21
\c@smartand=\count424
)
Package biblatex Info: Trying to load bibliography style 'alphabetic'...
Package biblatex Info: ... file 'alphabetic.bbx' found.
(/usr/share/texlive/texmf-dist/tex/latex/biblatex/bbx/alphabetic.bbx
File: alphabetic.bbx 2022/02/02 v3.17 biblatex bibliography style (PK/MW)
Package biblatex Info: Trying to load bibliography style 'standard'...
Package biblatex Info: ... file 'standard.bbx' found.
(/usr/share/texlive/texmf-dist/tex/latex/biblatex/bbx/standard.bbx
File: standard.bbx 2022/02/02 v3.17 biblatex bibliography style (PK/MW)
\c@bbx:relatedcount=\count425
\c@bbx:relatedtotal=\count426
))
Package biblatex Info: Trying to load citation style 'alphabetic'...
Package biblatex Info: ... file 'alphabetic.cbx' found.
(/usr/share/texlive/texmf-dist/tex/latex/biblatex/cbx/alphabetic.cbx
File: alphabetic.cbx 2022/02/02 v3.17 biblatex citation style (PK/MW)
Package biblatex Info: Redefining '\cite'.
Package biblatex Info: Redefining '\parencite'.
Package biblatex Info: Redefining '\footcite'.
Package biblatex Info: Redefining '\footcitetext'.
Package biblatex Info: Redefining '\smartcite'.
Package biblatex Info: Redefining '\textcite'.
Package biblatex Info: Redefining '\textcites'.
Package biblatex Info: Redefining '\cites'.
Package biblatex Info: Redefining '\parencites'.
Package biblatex Info: Redefining '\smartcites'.
)
Package biblatex Info: Trying to load configuration file...
Package biblatex Info: ... file 'biblatex.cfg' found.
(/usr/share/texlive/texmf-dist/tex/latex/biblatex/biblatex.cfg
File: biblatex.cfg 
)
Package biblatex Info: Input encoding 'utf8' detected.
Package biblatex Info: Document encoding is UTF8 ....
Package biblatex Info: ... and expl3
(biblatex)             2022-01-21 L3 programming layer (loader) 
(biblatex)             is new enough (at least 2020/04/06),
(biblatex)             setting 'casechanger=expl3'.
(/usr/share/texlive/texmf-dist/tex/latex/biblatex/blx-case-expl3.sty
Package: blx-case-expl3 2022/02/02 v3.17 expl3 case changing code for biblatex
)) (/usr/share/texlive/texmf-dist/tex/latex/geometry/geometry.sty
Package: geometry 2020/01/02 v5.9 Page Geometry
(/usr/share/texlive/texmf-dist/tex/generic/iftex/ifvtex.sty
Package: ifvtex 2019/10/25 v1.7 ifvtex legacy package. Use iftex instead.
)
\Gm@cnth=\count427
\Gm@cntv=\count428
\c@Gm@tempcnt=\count429
\Gm@bindingoffset=\dimen280
\Gm@wd@mp=\dimen281
\Gm@odd@mp=\dimen282
\Gm@even@mp=\dimen283
\Gm@layoutwidth=\dimen284
\Gm@layoutheight=\dimen285
\Gm@layouthoffset=\dimen286
\Gm@layoutvoffset=\dimen287
\Gm@dimlist=\toks43
) (/usr/share/texlive/texmf-dist/tex/latex/enumitem/enumitem.sty
Package: enumitem 2019/06/20 v3.9 Customized lists
\labelindent=\skip79
\enit@outerparindent=\dimen288
\enit@toks=\toks44
\enit@inbox=\box82
\enit@count@id=\count430
\enitdp@description=\count431
) (/usr/share/texlive/texmf-dist/tex/latex/hyperref/hyperref.sty
Package: hyperref 2021-06-07 v7.00m Hypertext links for LaTeX
(/usr/share/texlive/texmf-dist/tex/generic/kvdefinekeys/kvdefinekeys.sty
Package: kvdefinekeys 2019-12-19 v1.6 Define keys (HO)
) (/usr/share/texlive/texmf-dist/tex/generic/pdfescape/pdfescape.sty
Package: pdfescape 2019/12/09 v1.15 Implements pdfTeX's escape features (HO)
) (/usr/share/texlive/texmf-dist/tex/latex/hycolor/hycolor.sty
Package: hycolor 2020-01-27 v1.10 Color options for hyperref/bookmark (HO)
) (/usr/share/texlive/texmf-dist/tex/latex/letltxmacro/letltxmacro.sty
Package: letltxmacro 2019/12/03 v1.6 Let assignment for LaTeX macros (HO)
) (/usr/share/texlive/texmf-dist/tex/latex/auxhook/auxhook.sty
Package: auxhook 2019-12-17 v1.6 Hooks for auxiliary files (HO)
)
\@linkdim=\dimen289
\Hy@linkcounter=\count432
\Hy@pagecounter=\count433
(/usr/share/texlive/texmf-dist/tex/latex/hyperref/pd1enc.def
File: pd1enc.def 2021-06-07 v7.00m Hyperref: PDFDocEncoding definition (HO)
Now handling font encoding PD1 ...
... no UTF-8 mapping file for font encoding PD1
) (/usr/share/texlive/texmf-dist/tex/latex/hyperref/hyperref-langpatches.def
File: hyperref-langpatches.def 2021-06-07 v7.00m Hyperref: patches for babel languages
) (/usr/share/texlive/texmf-dist/tex/generic/intcalc/intcalc.sty
Package: intcalc 2019/12/15 v1.3 Expandable calculations with integers (HO)
) (/usr/share/texlive/texmf-dist/tex/generic/etexcmds/etexcmds.sty
Package: etexcmds 2019/12/15 v1.7 Avoid name clashes with e-TeX commands (HO)
)
\Hy@SavedSpaceFactor=\count434
(/usr/share/texlive/texmf-dist/tex/latex/hyperref/puenc.def
File: puenc.def 2021-06-07 v7.00m Hyperref: PDF Unicode definition (HO)
Now handling font encoding PU ...
... no UTF-8 mapping file for font encoding PU
)
Package hyperref Info: Option `colorlinks' set `true' on input line 4073.
Package hyperref Info: Option `hyperindex' set `true' on input line 4073.
Package hyperref Info: Option `pdfpagelabels' set `true' on input line 4073.
Package hyperref Info: Hyper figures OFF on input line 4192.
Package hyperref Info: Link nesting OFF on input line 4197.
Package hyperref Info: Hyper index ON on input line 4200.
Package hyperref Info: Plain pages OFF on input line 4207.
Package hyperref Info: Backreferencing OFF on input line 4212.
Package hyperref Info: Implicit mode ON; LaTeX internals redefined.
Package hyperref Info: Bookmarks ON on input line 4445.
\c@Hy@tempcnt=\count435
LaTeX Info: Redefining \url on input line 4804.
\XeTeXLinkMargin=\dimen290
(/usr/share/texlive/texmf-dist/tex/generic/bitset/bitset.sty
Package: bitset 2019/12/09 v1.3 Handle bit-vector datatype (HO)
(/usr/share/texlive/texmf-dist/tex/generic/bigintcalc/bigintcalc.sty
Package: bigintcalc 2019/12/15 v1.5 Expandable calculations on big integers (HO)
))
\Fld@menulength=\count436
\Field@Width=\dimen291
\Fld@charsize=\dimen292
Package hyperref Info: Hyper figures OFF on input line 6076.
Package hyperref Info: Link nesting OFF on input line 6081.
Package hyperref Info: Hyper index ON on input line 6084.
Package hyperref Info: backreferencing OFF on input line 6091.
Package hyperref Info: Link coloring ON on input line 6094.
Package hyperref Info: Link coloring with OCG OFF on input line 6101.
Package hyperref Info: PDF/A mode OFF on input line 6106.
LaTeX Info: Redefining \ref on input line 6146.
LaTeX Info: Redefining \pageref on input line 6150.
(/usr/share/texlive/texmf-dist/tex/latex/base/atbegshi-ltx.sty
Package: atbegshi-ltx 2021/01/10 v1.0c Emulation of the original atbegshi
package with kernel methods
)
\Hy@abspage=\count437
\c@Item=\count438
\c@Hfootnote=\count439
)
Package hyperref Info: Driver: hdvipdfm.
(/usr/share/texlive/texmf-dist/tex/latex/hyperref/hdvipdfm.def
File: hdvipdfm.def 2021-06-07 v7.00m Hyperref driver for dvipdfm
\pdfm@box=\box83
\c@Hy@AnnotLevel=\count440
\HyField@AnnotCount=\count441
\Fld@listcount=\count442
\c@bookmark@seq@number=\count443
(/usr/share/texlive/texmf-dist/tex/latex/rerunfilecheck/rerunfilecheck.sty
Package: rerunfilecheck 2019/12/05 v1.9 Rerun checks for auxiliary files (HO)
(/usr/share/texlive/texmf-dist/tex/latex/base/atveryend-ltx.sty
Package: atveryend-ltx 2020/08/19 v1.0a Emulation of the original atveryend package
with kernel methods
) (/usr/share/texlive/texmf-dist/tex/generic/uniquecounter/uniquecounter.sty
Package: uniquecounter 2019/12/15 v1.4 Provide unlimited unique counter (HO)
)
Package uniquecounter Info: New unique counter `rerunfilecheck' on input line 286.
)
\Hy@SectionHShift=\skip80
) (/usr/share/texlive/texmf-dist/tex/latex/cleveref/cleveref.sty
Package: cleveref 2018/03/27 v0.21.4 Intelligent cross-referencing
Package cleveref Info: `hyperref' support loaded on input line 2370.
LaTeX Info: Redefining \cref on input line 2370.
LaTeX Info: Redefining \Cref on input line 2370.
LaTeX Info: Redefining \crefrange on input line 2370.
LaTeX Info: Redefining \Crefrange on input line 2370.
LaTeX Info: Redefining \cpageref on input line 2370.
LaTeX Info: Redefining \Cpageref on input line 2370.
LaTeX Info: Redefining \cpagerefrange on input line 2370.
LaTeX Info: Redefining \Cpagerefrange on input line 2370.
LaTeX Info: Redefining \labelcref on input line 2370.
LaTeX Info: Redefining \labelcpageref on input line 2370.
Package cleveref Info: `amsthm' support loaded on input line 3026.
)
\@quotelevel=\count444
\@quotereset=\count445
(./presentable_category.aux)
\openout1 = `presentable_category.aux'.

LaTeX Font Info:    Checking defaults for OML/cmm/m/it on input line 78.
LaTeX Font Info:    ... okay on input line 78.
LaTeX Font Info:    Checking defaults for OMS/cmsy/m/n on input line 78.
LaTeX Font Info:    ... okay on input line 78.
LaTeX Font Info:    Checking defaults for OT1/cmr/m/n on input line 78.
LaTeX Font Info:    ... okay on input line 78.
LaTeX Font Info:    Checking defaults for T1/cmr/m/n on input line 78.
LaTeX Font Info:    ... okay on input line 78.
LaTeX Font Info:    Checking defaults for TS1/cmr/m/n on input line 78.
LaTeX Font Info:    ... okay on input line 78.
LaTeX Font Info:    Checking defaults for OMX/cmex/m/n on input line 78.
LaTeX Font Info:    ... okay on input line 78.
LaTeX Font Info:    Checking defaults for U/dmjhira/m/n on input line 78.
LaTeX Font Info:    ... okay on input line 78.
LaTeX Font Info:    Checking defaults for JY2/mc/m/n on input line 78.
LaTeX Font Info:    ... okay on input line 78.
LaTeX Font Info:    Checking defaults for JT2/mc/m/n on input line 78.
LaTeX Font Info:    ... okay on input line 78.
LaTeX Font Info:    Checking defaults for PD1/pdf/m/n on input line 78.
LaTeX Font Info:    ... okay on input line 78.
LaTeX Font Info:    Checking defaults for PU/pdf/m/n on input line 78.
LaTeX Font Info:    ... okay on input line 78.
LaTeX Font Info:    Font shape `JT2/mc/m/n' will be
(Font)              scaled to size 8.65997pt on input line 78.
LaTeX Font Info:    Font shape `JY2/mc/m/n' will be
(Font)              scaled to size 8.65997pt on input line 78.
LaTeX Font Info:    Trying to load font information for U+msa on input line 78.
(/usr/share/texlive/texmf-dist/tex/latex/amsfonts/umsa.fd
File: umsa.fd 2013/01/14 v3.01 AMS symbols A
)
LaTeX Font Info:    Trying to load font information for U+msb on input line 78.
(/usr/share/texlive/texmf-dist/tex/latex/amsfonts/umsb.fd
File: umsb.fd 2013/01/14 v3.01 AMS symbols B
)
LaTeX Font Info:    Trying to load font information for U+rsfs on input line 78.
(/usr/share/texlive/texmf-dist/tex/latex/jknapltx/ursfs.fd
File: ursfs.fd 1998/03/24 rsfs font definition file (jk)
)
LaTeX Font Info:    Trying to load font information for U+stmry on input line 78.
(/usr/share/texlive/texmf-dist/tex/latex/stmaryrd/Ustmry.fd)

LaTeX Font Warning: Font shape `U/stmry/b/n' undefined
(Font)              using `U/stmry/m/n' instead on input line 78.

LaTeX Font Info:    Trying to load font information for U+bbold on input line 78.
(/usr/share/texlive/texmf-dist/tex/latex/bbold/Ubbold.fd)
Package biblatex Info: Trying to load language 'english'...
Package biblatex Info: ... file 'english.lbx' found.
(/usr/share/texlive/texmf-dist/tex/latex/biblatex/lbx/english.lbx
File: english.lbx 2022/02/02 v3.17 biblatex localization (PK/MW)
)
Package biblatex Info: Input encoding 'utf8' detected.
Package biblatex Info: Automatic encoding selection.
(biblatex)             Assuming data encoding 'utf8'.
\openout4 = `presentable_category.bcf'.

Package biblatex Info: Trying to load bibliographic data...
Package biblatex Info: ... file 'presentable_category.bbl' found.
(./presentable_category.bbl)
Package biblatex Info: Reference section=0 on input line 78.
Package biblatex Info: Reference segment=0 on input line 78.
*geometry* detected driver: dvipdfm
*geometry* verbose mode - [ preamble ] result:
* driver: dvipdfm
* paper: a4paper
* layout: <same size as paper>
* layoutoffset:(h,v)=(0.0pt,0.0pt)
* modes: twoside 
* h-part:(L,W,R)=(72.26999pt, 452.9679pt, 72.26999pt)
* v-part:(T,H,B)=(72.26999pt, 700.50687pt, 72.26999pt)
* \paperwidth=597.50787pt
* \paperheight=845.04684pt
* \textwidth=452.9679pt
* \textheight=700.50687pt
* \oddsidemargin=0.0pt
* \evensidemargin=0.0pt
* \topmargin=-22.0pt
* \headheight=8.0pt
* \headsep=14.0pt
* \topskip=10.0pt
* \footskip=12.0pt
* \marginparwidth=90.0pt
* \marginparsep=11.0pt
* \columnsep=10.0pt
* \skip\footins=7.0pt plus 11.0pt
* \hoffset=0.0pt
* \voffset=0.0pt
* \mag=1000
* \@twocolumnfalse
* \@twosidetrue
* \@mparswitchtrue
* \@reversemarginfalse
* (1in=72.27pt=25.4mm, 1cm=28.453pt)

Package hyperref Info: Link coloring ON on input line 78.
(/usr/share/texlive/texmf-dist/tex/latex/hyperref/nameref.sty
Package: nameref 2021-04-02 v2.47 Cross-referencing by name of section
(/usr/share/texlive/texmf-dist/tex/latex/refcount/refcount.sty
Package: refcount 2019/12/15 v3.6 Data extraction from label references (HO)
) (/usr/share/texlive/texmf-dist/tex/generic/gettitlestring/gettitlestring.sty
Package: gettitlestring 2019/12/15 v1.6 Cleanup title references (HO)
)
\c@section@level=\count446
)
LaTeX Info: Redefining \ref on input line 78.
LaTeX Info: Redefining \pageref on input line 78.
LaTeX Info: Redefining \nameref on input line 78.
(./presentable_category.out) (./presentable_category.out)
\@outlinefile=\write5
\openout5 = `presentable_category.out'.

\c@theorem=\count447
LaTeX Font Info:    Font shape `JT2/mc/bx/n' in size <10.95> not available
(Font)              Font shape `JT2/gt/m/n' tried instead on input line 104.
LaTeX Font Info:    Font shape `JT2/gt/m/n' will be
(Font)              scaled to size 10.53629pt on input line 104.
LaTeX Font Info:    Font shape `JY2/mc/bx/n' in size <10.95> not available
(Font)              Font shape `JY2/gt/m/n' tried instead on input line 104.
LaTeX Font Info:    Font shape `JY2/gt/m/n' will be
(Font)              scaled to size 10.53629pt on input line 104.

Class amsart Warning: Abstract should precede \maketitle in AMS document classes; reported on input line 105.

LaTeX Font Info:    Kanji font shape `JY2/mc/m/sc' undefined
(Font)              No change on input line 105.
LaTeX Font Info:    Kanji font shape `JY2/mc/m/sc' undefined
(Font)              No change on input line 111.
(./presentable_category.toc)
\tf@toc=\write6
\openout6 = `presentable_category.toc'.

LaTeX Font Info:    Kanji font shape `JY2/mc/m/sc' undefined
(Font)              No change on input line 113.
LaTeX Font Info:    Kanji font shape `JY2/mc/m/sc' undefined
(Font)              No change on input line 118.
LaTeX Font Info:    Kanji font shape `JY2/mc/m/it' undefined
(Font)              No change on input line 138.
LaTeX Font Info:    Kanji font shape `JY2/mc/m/it' undefined
(Font)              No change on input line 139.
LaTeX Font Info:    Trying to load font information for U+eus on input line 143.
(/usr/share/texlive/texmf-dist/tex/latex/amsfonts/ueus.fd
File: ueus.fd 2013/01/14 v3.01 Euler Script
)
LaTeX Font Info:    Kanji font shape `JY2/mc/m/it' undefined
(Font)              No change on input line 144.
LaTeX Font Info:    Kanji font shape `JY2/mc/m/it' undefined
(Font)              No change on input line 145.
LaTeX Font Info:    Kanji font shape `JY2/mc/m/it' undefined
(Font)              No change on input line 150.
LaTeX Font Info:    Kanji font shape `JY2/mc/m/it' undefined
(Font)              No change on input line 151.
LaTeX Font Info:    Font shape `JT2/mc/m/n' will be
(Font)              scaled to size 7.69775pt on input line 152.
LaTeX Font Info:    Font shape `JY2/mc/m/n' will be
(Font)              scaled to size 7.69775pt on input line 152.
[1]
LaTeX Font Info:    Kanji font shape `JY2/mc/m/it' undefined
(Font)              No change on input line 156.
LaTeX Font Info:    Kanji font shape `JY2/mc/m/it' undefined
(Font)              No change on input line 157.
LaTeX Font Info:    Kanji font shape `JY2/mc/m/it' undefined
(Font)              No change on input line 158.
LaTeX Font Info:    Kanji font shape `JY2/mc/m/it' undefined
(Font)              No change on input line 163.
LaTeX Font Info:    Kanji font shape `JY2/mc/m/it' undefined
(Font)              No change on input line 166.
LaTeX Font Info:    Kanji font shape `JY2/mc/m/it' undefined
(Font)              No change on input line 166.
LaTeX Font Info:    Kanji font shape `JY2/mc/m/it' undefined
(Font)              No change on input line 170.
LaTeX Font Info:    Kanji font shape `JY2/mc/m/it' undefined
(Font)              No change on input line 170.
LaTeX Font Info:    Trying to load font information for U+euf on input line 178.
(/usr/share/texlive/texmf-dist/tex/latex/amsfonts/ueuf.fd
File: ueuf.fd 2013/01/14 v3.01 Euler Fraktur
)
LaTeX Font Info:    Kanji font shape `JY2/mc/m/it' undefined
(Font)              No change on input line 179.
LaTeX Font Info:    Kanji font shape `JY2/mc/m/it' undefined
(Font)              No change on input line 179.
LaTeX Font Info:    Kanji font shape `JY2/mc/m/it' undefined
(Font)              No change on input line 179.
LaTeX Font Info:    Font shape `JT2/mc/m/n' will be
(Font)              scaled to size 5.77332pt on input line 203.
LaTeX Font Info:    Font shape `JY2/mc/m/n' will be
(Font)              scaled to size 5.77332pt on input line 203.
LaTeX Font Info:    Kanji font shape `JY2/mc/m/it' undefined
(Font)              No change on input line 204.
LaTeX Font Info:    Kanji font shape `JY2/mc/m/it' undefined
(Font)              No change on input line 205.
LaTeX Font Info:    Kanji font shape `JY2/mc/m/it' undefined
(Font)              No change on input line 232.
[2]
LaTeX Font Info:    Kanji font shape `JY2/mc/m/sc' undefined
(Font)              No change on input line 250.
LaTeX Font Info:    Kanji font shape `JY2/mc/m/it' undefined
(Font)              No change on input line 256.
LaTeX Font Info:    Kanji font shape `JY2/mc/m/it' undefined
(Font)              No change on input line 265.
LaTeX Font Info:    Kanji font shape `JY2/mc/m/it' undefined
(Font)              No change on input line 266.
LaTeX Font Info:    Kanji font shape `JY2/mc/m/it' undefined
(Font)              No change on input line 267.
LaTeX Font Info:    Kanji font shape `JY2/mc/m/it' undefined
(Font)              No change on input line 291.
LaTeX Font Info:    Kanji font shape `JY2/mc/m/it' undefined
(Font)              No change on input line 307.
[3]
LaTeX Font Info:    Kanji font shape `JY2/mc/m/it' undefined
(Font)              No change on input line 323.
LaTeX Font Info:    Kanji font shape `JY2/mc/m/it' undefined
(Font)              No change on input line 326.
LaTeX Font Info:    Kanji font shape `JY2/mc/m/it' undefined
(Font)              No change on input line 327.
LaTeX Font Info:    Kanji font shape `JY2/mc/m/it' undefined
(Font)              No change on input line 332.
LaTeX Font Info:    Kanji font shape `JY2/mc/m/it' undefined
(Font)              No change on input line 352.
LaTeX Font Info:    Kanji font shape `JY2/mc/m/it' undefined
(Font)              No change on input line 381.
[4]
LaTeX Font Info:    Kanji font shape `JY2/mc/m/it' undefined
(Font)              No change on input line 402.
LaTeX Font Info:    Kanji font shape `JY2/mc/m/it' undefined
(Font)              No change on input line 446.
LaTeX Font Info:    Kanji font shape `JY2/mc/m/it' undefined
(Font)              No change on input line 463.
[5]
LaTeX Font Info:    Kanji font shape `JY2/mc/m/it' undefined
(Font)              No change on input line 503.
LaTeX Font Info:    Kanji font shape `JY2/mc/m/it' undefined
(Font)              No change on input line 541.
LaTeX Font Info:    Kanji font shape `JY2/mc/m/it' undefined
(Font)              No change on input line 549.
LaTeX Font Info:    Kanji font shape `JY2/mc/m/it' undefined
(Font)              No change on input line 553.
LaTeX Font Info:    Kanji font shape `JY2/mc/m/it' undefined
(Font)              No change on input line 558.
[6]
LaTeX Font Info:    Kanji font shape `JY2/mc/m/it' undefined
(Font)              No change on input line 577.
LaTeX Font Info:    Kanji font shape `JY2/mc/m/it' undefined
(Font)              No change on input line 580.
LaTeX Font Info:    Kanji font shape `JY2/mc/m/it' undefined
(Font)              No change on input line 597.
LaTeX Font Info:    Kanji font shape `JY2/mc/m/it' undefined
(Font)              No change on input line 599.
LaTeX Font Info:    Kanji font shape `JY2/mc/m/it' undefined
(Font)              No change on input line 635.
[7]
LaTeX Font Info:    Kanji font shape `JY2/mc/m/it' undefined
(Font)              No change on input line 653.
LaTeX Font Info:    Kanji font shape `JY2/mc/m/it' undefined
(Font)              No change on input line 654.

Overfull \hbox (11.86365pt too wide) in paragraph at lines 662--664
[]\T1/cmr/m/n/10.95 There ex-ist a small cat-e-gory $\U/eus/m/n/10.95 D$ \T1/cmr/m/n/10.95 which ad-mits $\OML/cmm/m/it/10.95 ^^T$\T1/cmr/m/n/10.95 -small col-im-its and an equiv-a-lence $[][]\OT1/cmr/m/n/10.95 (\U/eus/m/n/10.95 D\OT1/cmr/m/n/10.95 ) \OMS/cmsy/m/n/10.95 !
 []

LaTeX Font Info:    Kanji font shape `JY2/mc/m/sc' undefined
(Font)              No change on input line 740.
LaTeX Font Info:    Kanji font shape `JY2/gt/m/it' undefined
(Font)              No change on input line 740.
LaTeX Font Info:    Kanji font shape `JY2/mc/m/sc' undefined
(Font)              No change on input line 740.
LaTeX Font Info:    Trying to load font information for T1+cmtt on input line 740.
(/usr/share/texlive/texmf-dist/tex/latex/base/t1cmtt.fd
File: t1cmtt.fd 2019/12/16 v2.5j Standard LaTeX font definitions
)
LaTeX Font Info:    Kanji font shape `JY2/gt/m/it' undefined
(Font)              No change on input line 740.
LaTeX Font Info:    Kanji font shape `JY2/mc/m/sc' undefined
(Font)              No change on input line 740.
LaTeX Font Info:    Kanji font shape `JY2/gt/m/it' undefined
(Font)              No change on input line 740.
LaTeX Font Info:    Kanji font shape `JY2/gt/m/it' undefined
(Font)              No change on input line 740.
LaTeX Font Info:    Kanji font shape `JY2/mc/m/sc' undefined
(Font)              No change on input line 740.
[8] (./presentable_category.aux)

LaTeX Font Warning: Some font shapes were not available, defaults substituted.

Package rerunfilecheck Info: File `presentable_category.out' has not changed.
(rerunfilecheck)             Checksum: D7F179B2DA87B3EB19C50B049385EE2D;2135.
Package logreq Info: Writing requests to 'presentable_category.run.xml'.
\openout1 = `presentable_category.run.xml'.

 ) 
Here is how much of TeX's memory you used:
 33650 strings out of 478733
 653395 string characters out of 5860893
 1337143 words of memory out of 5000000
 51367 multiletter control sequences out of 15000+600000
 497155 words of font info for 135 fonts, out of 8000000 for 9000
 1090 hyphenation exceptions out of 8191
 84i,18n,89p,796b,1422s stack positions out of 5000i,500n,10000p,200000b,80000s

Output written on presentable_category.dvi (8 pages, 73540 bytes).
